Drill report for ArduinoJimStim.kicad_pcb
Created on 27/06/2022 11:40:48 AM

Copper Layer Stackup:
    =============================================================
    L1 :  F.Cu                      front
    L2 :  B.Cu                      back


Drill file 'ArduinoJimStim-PTH.drl' contains
    plated through holes:
    =============================================================
    T1  0.400mm  0.0157"  (1 hole)
    T2  0.700mm  0.0276"  (34 holes)
    T3  0.750mm  0.0295"  (6 holes)
    T4  0.800mm  0.0315"  (23 holes)
    T5  0.900mm  0.0354"  (26 holes)
    T6  1.000mm  0.0394"  (128 holes)  (with 3 slots)
    T7  1.100mm  0.0433"  (2 holes)  (with 2 slots)
    T8  3.200mm  0.1260"  (2 holes)

    Total plated holes count 222


Drill file 'ArduinoJimStim-NPTH.drl' contains
    unplated through holes:
    =============================================================

    Total unplated holes count 0
